#
# A fatal error has been detected by the Java Runtime Environment:
#
#  EXCEPTION_ACCESS_VIOLATION (0xc0000005) at pc=0x0000000073ac6604, pid=199196, tid=0x00000000000347e4
#
# JRE version: Java(TM) SE Runtime Environment (8.0_161-b12) (build 1.8.0_161-b12)
# Java VM: Java HotSpot(TM) 64-Bit Server VM (25.161-b12 mixed mode windows-amd64 compressed oops)
# Problematic frame:
# V  [jvm.dll+0xf6604]
#
# Failed to write core dump. Minidumps are not enabled by default on client versions of Windows
#
# If you would like to submit a bug report, please visit:
#   http://bugreport.java.com/bugreport/crash.jsp
#

---------------  T H R E A D  ---------------

Current thread (0x0000000015398000):  VMThread [stack: 0x0000000016420000,0x0000000016520000] [id=215012]

siginfo: ExceptionCode=0xc0000005, reading address 0x0000000015014d40

Registers:
RAX=0x00000000001940a0, RBX=0x0000000014e7ff80, RCX=0x0000000014e80c90, RDX=0x000000000000ca05
RSP=0x000000001651f218, RBP=0x00000000000001b0, RSI=0x000000001651f500, RDI=0x000000001651f500
R8 =0x0000000000000000, R9 =0x0000000014e7ff80, R10=0x000000000000ca05, R11=0x0000000014e7fbb0
R12=0x0000000000000001, R13=0x0000000000000001, R14=0x00000000000003d8, R15=0x000000001651f320
RIP=0x0000000073ac6604, EFLAGS=0x0000000000010206

Top of Stack: (sp=0x000000001651f218)
0x000000001651f218:   0000000073ace6bc 000000001651f500
0x000000001651f228:   0000000000000000 00000000000001aa
0x000000001651f238:   0000000073acf429 000000001651f508
0x000000001651f248:   0000000014e7fd40 00000000460001a7
0x000000001651f258:   000000001651f2c0 000087829b2bb45c
0x000000001651f268:   0000000073acecd2 000000001651f330
0x000000001651f278:   0000000000000001 000000001651f340
0x000000001651f288:   000000001651f500 000000001651f370
0x000000001651f298:   0000000073ad1900 00000000000001b0
0x000000001651f2a8:   00000000000001b0 00000000000001c4
0x000000001651f2b8:   0000000073aceb56 00000000000001b0
0x000000001651f2c8:   000000001651f370 000000001651f330
0x000000001651f2d8:   00000000000001c4 0000000014e7fd40
0x000000001651f2e8:   0000000073ad245f 000000001651f500
0x000000001651f2f8:   000000001651f370 0000000017280458
0x000000001651f308:   0000000014e7fd40 000000000000001d 

Instructions: (pc=0x0000000073ac6604)
0x0000000073ac65e4:   18 f7 d2 48 63 c2 48 c1 e0 05 48 8b 44 08 10 0f
0x0000000073ac65f4:   b7 c0 41 0f b7 44 c1 52 c3 48 63 c2 48 c1 e0 05
0x0000000073ac6604:   48 8b 44 08 10 0f b7 d0 48 63 c2 41 0f b7 44 c1
0x0000000073ac6614:   52 c3 49 8b 41 08 48 63 ca 0f b6 44 08 04 3c 12 


Register to memory mapping:

RAX=0x00000000001940a0 is an unknown value
RBX=0x0000000014e7ff80 is pointing into metadata
RCX=0x0000000014e80c90 is pointing into metadata
RDX=0x000000000000ca05 is an unknown value
RSP=0x000000001651f218 is an unknown value
RBP=0x00000000000001b0 is an unknown value
RSI=0x000000001651f500 is an unknown value
RDI=0x000000001651f500 is an unknown value
R8 =0x0000000000000000 is an unknown value
R9 =0x0000000014e7ff80 is pointing into metadata
R10=0x000000000000ca05 is an unknown value
R11=0x0000000014e7fbb0 is pointing into metadata
R12=0x0000000000000001 is an unknown value
R13=0x0000000000000001 is an unknown value
R14=0x00000000000003d8 is an unknown value
R15=0x000000001651f320 is an unknown value


Stack: [0x0000000016420000,0x0000000016520000],  sp=0x000000001651f218,  free space=1020k
Native frames: (J=compiled Java code, j=interpreted, Vv=VM code, C=native code)
V  [jvm.dll+0xf6604]

VM_Operation (0x0000000016e6f710): GetOrSetLocal, mode: safepoint, requested by thread 0x00000000153da800


---------------  P R O C E S S  ---------------

Java Threads: ( => current thread )
  0x00000000172ba000 JavaThread "Service Thread" daemon [_thread_blocked, id=77412, stack(0x0000000017770000,0x0000000017870000)]
  0x0000000017298800 JavaThread "C1 CompilerThread2" daemon [_thread_blocked, id=79092, stack(0x0000000017670000,0x0000000017770000)]
  0x00000000153fd800 JavaThread "C2 CompilerThread1" daemon [_thread_blocked, id=79796, stack(0x0000000017170000,0x0000000017270000)]
  0x00000000153fa800 JavaThread "C2 CompilerThread0" daemon [_thread_blocked, id=84636, stack(0x0000000017070000,0x0000000017170000)]
  0x00000000153ea800 JavaThread "JDWP Command Reader" daemon [_thread_in_native, id=213492, stack(0x0000000016f70000,0x0000000017070000)]
  0x00000000153e9000 JavaThread "JDWP Event Helper Thread" daemon [_thread_blocked, id=6812, stack(0x0000000016e70000,0x0000000016f70000)]
  0x00000000153da800 JavaThread "JDWP Transport Listener: dt_socket" daemon [_thread_blocked, id=80444, stack(0x0000000016d70000,0x0000000016e70000)]
  0x00000000153ce000 JavaThread "Attach Listener" daemon [_thread_blocked, id=213840, stack(0x0000000016930000,0x0000000016a30000)]
  0x00000000153cc800 JavaThread "Signal Dispatcher" daemon [_thread_blocked, id=81728, stack(0x0000000016830000,0x0000000016930000)]
  0x00000000153ba800 JavaThread "Finalizer" daemon [_thread_blocked, id=7124, stack(0x0000000016620000,0x0000000016720000)]
  0x0000000002db1000 JavaThread "Reference Handler" daemon [_thread_blocked, id=216012, stack(0x0000000016520000,0x0000000016620000)]
  0x0000000002cc3000 JavaThread "main" [_thread_blocked, id=112280, stack(0x0000000002bc0000,0x0000000002cc0000)]

Other Threads:
=>0x0000000015398000 VMThread [stack: 0x0000000016420000,0x0000000016520000] [id=215012]
  0x00000000172bd800 WatcherThread [stack: 0x00000000179d0000,0x0000000017ad0000] [id=61812]

VM state:at safepoint (normal execution)

VM Mutex/Monitor currently owned by a thread:  ([mutex/lock_event])
[0x00000000013be7f0] Threads_lock - owner thread: 0x0000000015398000

Heap:
 PSYoungGen      total 18944K, used 2633K [0x00000000eb180000, 0x00000000ec680000, 0x0000000100000000)
  eden space 16384K, 16% used [0x00000000eb180000,0x00000000eb412400,0x00000000ec180000)
  from space 2560K, 0% used [0x00000000ec400000,0x00000000ec400000,0x00000000ec680000)
  to   space 2560K, 0% used [0x00000000ec180000,0x00000000ec180000,0x00000000ec400000)
 ParOldGen       total 44032K, used 0K [0x00000000c1400000, 0x00000000c3f00000, 0x00000000eb180000)
  object space 44032K, 0% used [0x00000000c1400000,0x00000000c1400000,0x00000000c3f00000)
 Metaspace       used 3968K, capacity 4960K, committed 5120K, reserved 1056768K
  class space    used 440K, capacity 464K, committed 512K, reserved 1048576K

Card table byte_map: [0x0000000012180000,0x0000000012380000] byte_map_base: 0x0000000011b76000

Marking Bits: (ParMarkBitMap*) 0x00000000741ef860
 Begin Bits: [0x00000000128d0000, 0x0000000013880000)
 End Bits:   [0x0000000013880000, 0x0000000014830000)

Polling page: 0x0000000000e90000

CodeCache: size=245760Kb used=1275Kb max_used=1275Kb free=244484Kb
 bounds [0x0000000002dc0000, 0x0000000003030000, 0x0000000011dc0000]
 total_blobs=337 nmethods=92 adapters=166
 compilation: enabled

Compilation events (10 events):
Event: 1.412 Thread 0x0000000017298800   87       3       java.util.StringTokenizer::scanToken (179 bytes)
Event: 1.413 Thread 0x0000000017298800 nmethod 87 0x0000000002ef8350 code [0x0000000002ef85e0, 0x0000000002ef9918]
Event: 1.413 Thread 0x0000000017298800   89       3       java.util.StringTokenizer::skipDelimiters (116 bytes)
Event: 1.414 Thread 0x0000000017298800 nmethod 89 0x0000000002efa4d0 code [0x0000000002efa6e0, 0x0000000002efb2b8]
Event: 1.414 Thread 0x0000000017298800   88       3       java.util.HashSet::add (20 bytes)
Event: 1.415 Thread 0x0000000017298800 nmethod 88 0x0000000002efb7d0 code [0x0000000002efb960, 0x0000000002efbe78]
Event: 1.415 Thread 0x0000000017298800   91       1       java.lang.ref.Reference::get (5 bytes)
Event: 1.415 Thread 0x0000000017298800 nmethod 91 0x0000000002efc050 code [0x0000000002efc1a0, 0x0000000002efc2b0]
Event: 1.415 Thread 0x0000000017298800   92       3       java.util.AbstractCollection::<init> (5 bytes)
Event: 1.416 Thread 0x0000000017298800 nmethod 92 0x0000000002efc310 code [0x0000000002efc460, 0x0000000002efc610]

GC Heap History (0 events):
No events

Deoptimization events (1 events):
Event: 1.066 Thread 0x0000000002cc3000 Uncommon trap: reason=unstable_if action=reinterpret pc=0x0000000002edbfbc method=java.lang.String.hashCode()I @ 14

Classes redefined (10 events):
Event: 42546.819 Thread 0x0000000015398000 redefined class name=clase2_AbstractFactory_FactoryMethod.TrenDeCarga, count=1
Event: 42546.820 Thread 0x0000000015398000 redefined class name=clase2_AbstractFactory_FactoryMethod.AndenDeCarga, count=1
Event: 42558.605 Thread 0x0000000015398000 redefined class name=clase1.Vagon, count=1
Event: 46097.878 Thread 0x0000000015398000 redefined class name=clase1.Programa, count=2
Event: 46099.390 Thread 0x0000000015398000 redefined class name=clase5.EstacionProxy, count=2
Event: 46110.184 Thread 0x0000000015398000 redefined class name=clase1.Locomotora, count=1
Event: 46110.190 Thread 0x0000000015398000 redefined class name=clase2_AbstractFactory_FactoryMethod.LocomotoraDiesel, count=2
Event: 52001.355 Thread 0x0000000015398000 redefined class name=clase5.SupervisorDeEstacion, count=3
Event: 52165.709 Thread 0x0000000015398000 redefined class name=clase5.SupervisorDeEstacion, count=4
Event: 52284.822 Thread 0x0000000015398000 redefined class name=clase5.SupervisorDeEstacion, count=5

Internal exceptions (7 events):
Event: 0.487 Thread 0x0000000002cc3000 Exception <a 'java/lang/NoSuchMethodError': Method sun.misc.Unsafe.defineClass(Ljava/lang/String;[BII)Ljava/lang/Class; name or signature does not match> (0x00000000eb187ca0) thrown at [C:\re\workspace\8-2-build-windows-amd64-cygwin\jdk8u161\10277\hotspot
Event: 0.487 Thread 0x0000000002cc3000 Exception <a 'java/lang/NoSuchMethodError': Method sun.misc.Unsafe.prefetchRead(Ljava/lang/Object;J)V name or signature does not match> (0x00000000eb187f88) thrown at [C:\re\workspace\8-2-build-windows-amd64-cygwin\jdk8u161\10277\hotspot\src\share\vm\prim
Event: 0.936 Thread 0x0000000002cc3000 Exception <a 'java/io/FileNotFoundException'> (0x00000000eb1de600) thrown at [C:\re\workspace\8-2-build-windows-amd64-cygwin\jdk8u161\10277\hotspot\src\share\vm\prims\jni.cpp, line 709]
Event: 1.335 Thread 0x0000000002cc3000 Exception <a 'java/security/PrivilegedActionException'> (0x00000000eb311a18) thrown at [C:\re\workspace\8-2-build-windows-amd64-cygwin\jdk8u161\10277\hotspot\src\share\vm\prims\jvm.cpp, line 1390]
Event: 1.335 Thread 0x0000000002cc3000 Exception <a 'java/security/PrivilegedActionException'> (0x00000000eb311e10) thrown at [C:\re\workspace\8-2-build-windows-amd64-cygwin\jdk8u161\10277\hotspot\src\share\vm\prims\jvm.cpp, line 1390]
Event: 1.336 Thread 0x0000000002cc3000 Exception <a 'java/security/PrivilegedActionException'> (0x00000000eb315c68) thrown at [C:\re\workspace\8-2-build-windows-amd64-cygwin\jdk8u161\10277\hotspot\src\share\vm\prims\jvm.cpp, line 1390]
Event: 1.336 Thread 0x0000000002cc3000 Exception <a 'java/security/PrivilegedActionException'> (0x00000000eb316060) thrown at [C:\re\workspace\8-2-build-windows-amd64-cygwin\jdk8u161\10277\hotspot\src\share\vm\prims\jvm.cpp, line 1390]

Events (10 events):
Event: 52688.014 Executing VM operation: GetCurrentContendedMonitor done
Event: 52688.014 Executing VM operation: GetOwnedMonitorInfo
Event: 52688.014 Executing VM operation: GetOwnedMonitorInfo done
Event: 52688.015 Executing VM operation: GetCurrentContendedMonitor
Event: 52688.015 Executing VM operation: GetCurrentContendedMonitor done
Event: 52688.016 Executing VM operation: GetCurrentContendedMonitor
Event: 52688.016 Executing VM operation: GetCurrentContendedMonitor done
Event: 52688.016 Executing VM operation: GetOwnedMonitorInfo
Event: 52688.016 Executing VM operation: GetOwnedMonitorInfo done
Event: 52688.279 Executing VM operation: GetOrSetLocal


Dynamic libraries:
0x00007ff7434e0000 - 0x00007ff743517000 	C:\Program Files\Java\jre1.8.0_161\bin\javaw.exe
0x00007ffc61340000 - 0x00007ffc61521000 	C:\WINDOWS\SYSTEM32\ntdll.dll
0x00007ffc5edc0000 - 0x00007ffc5ee72000 	C:\WINDOWS\System32\KERNEL32.DLL
0x00007ffc5e480000 - 0x00007ffc5e6f3000 	C:\WINDOWS\System32\KERNELBASE.dll
0x00007ffc5ebf0000 - 0x00007ffc5ec91000 	C:\WINDOWS\System32\ADVAPI32.dll
0x00007ffc5f2e0000 - 0x00007ffc5f37e000 	C:\WINDOWS\System32\msvcrt.dll
0x00007ffc61130000 - 0x00007ffc6118b000 	C:\WINDOWS\System32\sechost.dll
0x00007ffc5e940000 - 0x00007ffc5ea64000 	C:\WINDOWS\System32\RPCRT4.dll
0x00007ffc5f150000 - 0x00007ffc5f2e0000 	C:\WINDOWS\System32\USER32.dll
0x00007ffc5d910000 - 0x00007ffc5d930000 	C:\WINDOWS\System32\win32u.dll
0x00007ffc5ed90000 - 0x00007ffc5edb8000 	C:\WINDOWS\System32\GDI32.dll
0x00007ffc5d710000 - 0x00007ffc5d8a2000 	C:\WINDOWS\System32\gdi32full.dll
0x00007ffc5d9e0000 - 0x00007ffc5da7f000 	C:\WINDOWS\System32\msvcp_win.dll
0x00007ffc5dc70000 - 0x00007ffc5dd6a000 	C:\WINDOWS\System32\ucrtbase.dll
0x00007ffc44af0000 - 0x00007ffc44d59000 	C:\WINDOWS\WinSxS\amd64_microsoft.windows.common-controls_6595b64144ccf1df_6.0.17134.407_none_fb449d63306391e9\COMCTL32.dll
0x00007ffc5f400000 - 0x00007ffc5f722000 	C:\WINDOWS\System32\combase.dll
0x00007ffc5e700000 - 0x00007ffc5e77a000 	C:\WINDOWS\System32\bcryptPrimitives.dll
0x00007ffc5eca0000 - 0x00007ffc5eccd000 	C:\WINDOWS\System32\IMM32.DLL
0x0000000074f00000 - 0x0000000074fd2000 	C:\Program Files\Java\jre1.8.0_161\bin\msvcr100.dll
0x00000000739d0000 - 0x000000007426f000 	C:\Program Files\Java\jre1.8.0_161\bin\server\jvm.dll
0x00007ffc5e7e0000 - 0x00007ffc5e7e8000 	C:\WINDOWS\System32\PSAPI.DLL
0x00007ffc4bef0000 - 0x00007ffc4bef9000 	C:\WINDOWS\SYSTEM32\WSOCK32.dll
0x00007ffc598a0000 - 0x00007ffc598c3000 	C:\WINDOWS\SYSTEM32\WINMM.dll
0x00007ffc59520000 - 0x00007ffc5952a000 	C:\WINDOWS\SYSTEM32\VERSION.dll
0x00007ffc59870000 - 0x00007ffc5989a000 	C:\WINDOWS\SYSTEM32\WINMMBASE.dll
0x00007ffc5e780000 - 0x00007ffc5e7c9000 	C:\WINDOWS\System32\cfgmgr32.dll
0x00007ffc60bd0000 - 0x00007ffc60c3c000 	C:\WINDOWS\System32\WS2_32.dll
0x0000000075250000 - 0x000000007525f000 	C:\Program Files\Java\jre1.8.0_161\bin\verify.dll
0x0000000075220000 - 0x0000000075249000 	C:\Program Files\Java\jre1.8.0_161\bin\java.dll
0x0000000074ec0000 - 0x0000000074ef5000 	C:\Program Files\Java\jre1.8.0_161\bin\jdwp.dll
0x0000000074eb0000 - 0x0000000074eb8000 	C:\Program Files\Java\jre1.8.0_161\bin\npt.dll
0x0000000075200000 - 0x0000000075216000 	C:\Program Files\Java\jre1.8.0_161\bin\zip.dll
0x00007ffc5f730000 - 0x00007ffc60b6f000 	C:\WINDOWS\System32\SHELL32.dll
0x00007ffc5ecd0000 - 0x00007ffc5ed79000 	C:\WINDOWS\System32\shcore.dll
0x00007ffc5dd70000 - 0x00007ffc5e47d000 	C:\WINDOWS\System32\windows.storage.dll
0x00007ffc5f0f0000 - 0x00007ffc5f141000 	C:\WINDOWS\System32\shlwapi.dll
0x00007ffc5d6d0000 - 0x00007ffc5d6e1000 	C:\WINDOWS\System32\kernel.appcore.dll
0x00007ffc5d6f0000 - 0x00007ffc5d70f000 	C:\WINDOWS\System32\profapi.dll
0x00007ffc5d670000 - 0x00007ffc5d6bc000 	C:\WINDOWS\System32\powrprof.dll
0x00007ffc5d6c0000 - 0x00007ffc5d6ca000 	C:\WINDOWS\System32\FLTLIB.DLL
0x0000000074ea0000 - 0x0000000074ea9000 	C:\Program Files\Java\jre1.8.0_161\bin\dt_socket.dll
0x00007ffc4bae0000 - 0x00007ffc4baf6000 	C:\WINDOWS\system32\napinsp.dll
0x00007ffc43540000 - 0x00007ffc4355a000 	C:\WINDOWS\system32\pnrpnsp.dll
0x00007ffc580c0000 - 0x00007ffc580d9000 	C:\WINDOWS\system32\NLAapi.dll
0x00007ffc5ce70000 - 0x00007ffc5ced6000 	C:\WINDOWS\System32\mswsock.dll
0x00007ffc5cc30000 - 0x00007ffc5ccee000 	C:\WINDOWS\SYSTEM32\DNSAPI.dll
0x00007ffc5e7d0000 - 0x00007ffc5e7d8000 	C:\WINDOWS\System32\NSI.dll
0x00007ffc5cbf0000 - 0x00007ffc5cc28000 	C:\WINDOWS\SYSTEM32\IPHLPAPI.DLL
0x00007ffc44550000 - 0x00007ffc4455e000 	C:\WINDOWS\System32\winrnr.dll
0x00007ffc43080000 - 0x00007ffc43095000 	C:\WINDOWS\System32\wshbth.dll
0x00007ffc542a0000 - 0x00007ffc54312000 	C:\WINDOWS\System32\fwpuclnt.dll
0x00007ffc5d150000 - 0x00007ffc5d175000 	C:\WINDOWS\SYSTEM32\bcrypt.dll
0x00007ffc54260000 - 0x00007ffc5426a000 	C:\Windows\System32\rasadhlp.dll
0x00007ffc5b510000 - 0x00007ffc5b6d9000 	C:\WINDOWS\SYSTEM32\dbghelp.dll

VM Arguments:
jvm_args: -agentlib:jdwp=transport=dt_socket,suspend=y,address=localhost:52021 -Dfile.encoding=Cp1252 
java_command: clase1.Programa
java_class_path (initial): C:\Program Files\Java\jre1.8.0_161\lib\resources.jar;C:\Program Files\Java\jre1.8.0_161\lib\rt.jar;C:\Program Files\Java\jre1.8.0_161\lib\jsse.jar;C:\Program Files\Java\jre1.8.0_161\lib\jce.jar;C:\Program Files\Java\jre1.8.0_161\lib\charsets.jar;C:\Program Files\Java\jre1.8.0_161\lib\jfr.jar;C:\Program Files\Java\jre1.8.0_161\lib\ext\access-bridge-64.jar;C:\Program Files\Java\jre1.8.0_161\lib\ext\cldrdata.jar;C:\Program Files\Java\jre1.8.0_161\lib\ext\dnsns.jar;C:\Program Files\Java\jre1.8.0_161\lib\ext\jaccess.jar;C:\Program Files\Java\jre1.8.0_161\lib\ext\jfxrt.jar;C:\Program Files\Java\jre1.8.0_161\lib\ext\localedata.jar;C:\Program Files\Java\jre1.8.0_161\lib\ext\nashorn.jar;C:\Program Files\Java\jre1.8.0_161\lib\ext\sunec.jar;C:\Program Files\Java\jre1.8.0_161\lib\ext\sunjce_provider.jar;C:\Program Files\Java\jre1.8.0_161\lib\ext\sunmscapi.jar;C:\Program Files\Java\jre1.8.0_161\lib\ext\sunpkcs11.jar;C:\Program Files\Java\jre1.8.0_161\lib\ext\zipfs.jar;C:\Users\PCnote\eclipse-workspace\AAMdP1\bin
Launcher Type: SUN_STANDARD

Environment Variables:
PATH=C:/Program Files/Java/jre1.8.0_161/bin/server;C:/Program Files/Java/jre1.8.0_161/bin;C:/Program Files/Java/jre1.8.0_161/lib/amd64;C:\oraclexe\app\oracle\product\10.2.0\server\bin;C:\ProgramData\Oracle\Java\javapath;C:\Program Files (x86)\Lenovo\FusionEngine;C:\WINDOWS\system32;C:\WINDOWS;C:\WINDOWS\System32\Wbem;C:\WINDOWS\System32\WindowsPowerShell\v1.0\;C:\Program Files (x86)\Common Files\lenovo\easyplussdk\bin;C:\Python27;C:\Program Files\Intel\WiFi\bin\;C:\Program Files\Common Files\Intel\WirelessCommon\;C:\Program Files (x86)\Windows Kits\10\Windows Performance Toolkit\;C:\Program Files\Microsoft SQL Server\130\Tools\Binn\;C:\Program Files\dotnet\;C:\WINDOWS\system32\config\systemprofile\.dnx\bin;C:\Program Files\Microsoft DNX\Dnvm\;C:\Program Files\Microsoft SQL Server\120\Tools\Binn\;C:\Program Files\Microsoft SQL Server\Client SDK\ODBC\130\Tools\Binn\;C:\Program Files (x86)\Microsoft SQL Server\140\Tools\Binn\;C:\Program Files\Microsoft SQL Server\140\Tools\Binn\;C:\Program Files\Microsoft SQL Server\140\DTS\Binn\;C:\Program Files\Microsoft SQL Server\Client SDK\ODBC\110\Tools\Binn\;C:\Program Files (x86)\Microsoft SQL Server\120\Tools\Binn\;C:\Program Files\Microsoft SQL Server\120\DTS\Binn\;C:\Program Files (x86)\Microsoft SQL Server\120\Tools\Binn\ManagementStudio\;C:\Program Files (x86)\Microsoft SQL Server\120\DTS\Binn\;C:\WINDOWS\System32\OpenSSH\;C:\Users\PCnote\AppData\Local\Microsoft\WindowsApps;;C:\Program Files (x86)\RocketDock;
USERNAME=PCnote
OS=Windows_NT
PROCESSOR_IDENTIFIER=Intel64 Family 6 Model 61 Stepping 4, GenuineIntel



---------------  S Y S T E M  ---------------

OS: Windows 10.0 , 64 bit Build 17134 (10.0.17134.1)

CPU:total 4 (initial active 4) (2 cores per cpu, 2 threads per core) family 6 model 61 stepping 4, cmov, cx8, fxsr, mmx, sse, sse2, sse3, ssse3, sse4.1, sse4.2, popcnt, avx, avx2, aes, clmul, erms, 3dnowpref, lzcnt, ht, tsc, tscinvbit, bmi1, bmi2, adx

Memory: 4k page, physical 4107344k(316592k free), swap 12641208k(2107012k free)

vm_info: Java HotSpot(TM) 64-Bit Server VM (25.161-b12) for windows-amd64 JRE (1.8.0_161-b12), built on Dec 19 2017 17:52:25 by "java_re" with MS VC++ 10.0 (VS2010)

time: Wed Nov 28 01:29:26 2018
elapsed time: 52689 seconds (0d 14h 38m 9s)

